<?xml version="1.0" encoding="UTF-8"?>
<!-- Generated by org.testng.reporters.JUnitReportReporter -->
<testsuite name="com.example.Priority" tests="4" time="0.000" ignored="0" failures="0" timestamp="05 Aug 2021 12:26:02 GMT" skipped="0" hostname="LP-5CD120NM2G" errors="0">
  <testcase name="b" time="0.000" classname="com.example.Priority"/>
  <testcase name="d" time="0.000" classname="com.example.Priority"/>
  <testcase name="c" time="0.000" classname="com.example.Priority"/>
  <testcase name="a" time="0.000" classname="com.example.Priority"/>
</testsuite> <!-- com.example.Priority -->
