<?xml version="1.0" encoding="UTF-8"?>
<!-- Generated by org.testng.reporters.JUnitReportReporter -->
<testsuite name="com.example.Annotation" tests="3" time="0.002" ignored="0" failures="0" timestamp="05 Aug 2021 12:21:12 GMT" skipped="0" hostname="LP-5CD120NM2G" errors="0">
  <testcase name="sample1" time="0.002" classname="com.example.Annotation"/>
  <testcase name="sample3" time="0.000" classname="com.example.Annotation"/>
  <testcase name="sample2" time="0.000" classname="com.example.Annotation"/>
</testsuite> <!-- com.example.Annotation -->
