<?xml version="1.0" encoding="UTF-8"?>
<!-- Generated by org.testng.reporters.JUnitReportReporter -->
<testsuite name="com.example.Depends_on_Method" tests="3" time="0.020" ignored="0" failures="0" timestamp="05 Aug 2021 12:28:55 GMT" skipped="0" hostname="LP-5CD120NM2G" errors="0">
  <testcase name="b" time="0.020" classname="com.example.Depends_on_Method"/>
  <testcase name="c" time="0.000" classname="com.example.Depends_on_Method"/>
  <testcase name="a" time="0.000" classname="com.example.Depends_on_Method"/>
</testsuite> <!-- com.example.Depends_on_Method -->
