<?xml version="1.0" encoding="UTF-8"?>
<!-- Generated by org.testng.reporters.JUnitReportReporter -->
<testsuite name="com.example.Groups" tests="1" time="0.006" ignored="2" failures="0" timestamp="05 Aug 2021 11:38:04 GMT" skipped="0" hostname="LP-5CD120NM2G" errors="0">
  <testcase name="c" time="0.006" classname="com.example.Groups"/>
  <testcase name="b" classname="com.example.Groups">
    <skipped/>
  </testcase> <!-- b -->
  <testcase name="a" classname="com.example.Groups">
    <skipped/>
  </testcase> <!-- a -->
</testsuite> <!-- com.example.Groups -->
