<?xml version="1.0" encoding="UTF-8"?>
<!-- Generated by org.testng.reporters.JUnitReportReporter -->
<testsuite name="com.example.Exception" tests="1" time="0.000" ignored="1" failures="0" timestamp="05 Aug 2021 12:48:16 GMT" skipped="0" hostname="LP-5CD120NM2G" errors="0">
  <testcase name="test1" time="0.000" classname="com.example.Exception"/>
  <testcase name="test2" classname="com.example.Exception">
    <skipped/>
  </testcase> <!-- test2 -->
</testsuite> <!-- com.example.Exception -->
