<?xml version="1.0" encoding="UTF-8"?>
<!-- Generated by org.testng.reporters.JUnitReportReporter -->
<testsuite name="com.example.Data_Provider" tests="6" time="0.017" ignored="0" failures="0" timestamp="05 Aug 2021 12:44:58 GMT" skipped="0" hostname="LP-5CD120NM2G" errors="0">
  <testcase name="testMethod" time="0.017" classname="com.example.Data_Provider"/>
  <testcase name="testMethod" time="0.000" classname="com.example.Data_Provider"/>
  <testcase name="testMethod" time="0.000" classname="com.example.Data_Provider"/>
  <testcase name="testMethod" time="0.000" classname="com.example.Data_Provider"/>
  <testcase name="testMethod" time="0.000" classname="com.example.Data_Provider"/>
  <testcase name="testMethod" time="0.000" classname="com.example.Data_Provider"/>
</testsuite> <!-- com.example.Data_Provider -->
