<?xml version="1.0" encoding="UTF-8"?>
<!-- Generated by org.testng.reporters.JUnitReportReporter -->
<testsuite name="TestNg.Listeners.IAnotationTransformerWithExample" tests="5" time="0.022" ignored="0" failures="0" timestamp="23 Aug 2021 13:07:30 GMT" skipped="0" hostname="LP-5CD120NM2G" errors="0">
  <testcase name="changeInvocationCountOfMethod" time="0.020" classname="TestNg.Listeners.IAnotationTransformerWithExample"/>
  <testcase name="changeInvocationCountOfMethod" time="0.002" classname="TestNg.Listeners.IAnotationTransformerWithExample"/>
  <testcase name="changeInvocationCountOfMethod" time="0.000" classname="TestNg.Listeners.IAnotationTransformerWithExample"/>
  <testcase name="changeInvocationCountOfMethod" time="0.000" classname="TestNg.Listeners.IAnotationTransformerWithExample"/>
  <testcase name="changeInvocationCountOfMethod" time="0.000" classname="TestNg.Listeners.IAnotationTransformerWithExample"/>
</testsuite> <!-- TestNg.Listeners.IAnotationTransformerWithExample -->
